# JRE version: OpenJDK Runtime Environment (24.0.1+9) (build 24.0.1+9-30)
# Java VM: OpenJDK 64-Bit Server VM (24.0.1+9-30, mixed mode, emulated-client, sharing, tiered, compressed oops, compressed class ptrs, g1 gc, windows-amd64)
GC Precious Log:
 CardTable entry size: 512
 Card Set container configuration: InlinePtr #cards 4 size 8 Array Of Cards #cards 32 size 80 Howl #buckets 8 coarsen threshold 7372 Howl Bitmap #cards 1024 size 144 coarsen threshold 921 Card regions per heap region 1 cards per card region 8192
 CPUs: 22 total, 22 available
 Memory: 32270M
 Large Page Support: Disabled
 NUMA Support: Disabled
 Compressed Oops: Enabled (Zero based)
 Heap Region Size: 4M
 Heap Min Capacity: 8M
 Heap Initial Capacity: 508M
 Heap Max Capacity: 8068M
 Pre-touch: Disabled
 Parallel Workers: 16
 Concurrent Workers: 4
 Concurrent Refinement Workers: 16
 Periodic GC: Disabled
Heap:
 garbage-first heap   total reserved 8261632K, committed 106496K, used 46569K [0x0000000607c00000, 0x0000000800000000)
  region size 4096K, 6 young (24576K), 2 survivors (8192K)
 Metaspace       used 73857K, committed 74624K, reserved 1179648K
  class space    used 8265K, committed 8576K, reserved 1048576K
GC Heap History (20 events):
Event: 1.091 GC heap before
{Heap before GC invocations=1 (full 0):
 garbage-first heap   total reserved 8261632K, committed 524288K, used 30748K [0x0000000607c00000, 0x0000000800000000)
  region size 4096K, 8 young (32768K), 2 survivors (8192K)
 Metaspace       used 16159K, committed 16448K, reserved 1114112K
  class space    used 1763K, committed 1920K, reserved 1048576K
}
Event: 1.095 GC heap after
{Heap after GC invocations=2 (full 0):
 garbage-first heap   total reserved 8261632K, committed 524288K, used 12148K [0x0000000607c00000, 0x0000000800000000)
  region size 4096K, 3 young (12288K), 3 survivors (12288K)
 Metaspace       used 16159K, committed 16448K, reserved 1114112K
  class space    used 1763K, committed 1920K, reserved 1048576K
}
Event: 1.578 GC heap before
{Heap before GC invocations=3 (full 0):
 garbage-first heap   total reserved 8261632K, committed 69632K, used 61300K [0x0000000607c00000, 0x0000000800000000)
  region size 4096K, 15 young (61440K), 3 survivors (12288K)
 Metaspace       used 22346K, committed 22656K, reserved 1114112K
  class space    used 2429K, committed 2560K, reserved 1048576K
}
Event: 1.588 GC heap after
{Heap after GC invocations=4 (full 0):
 garbage-first heap   total reserved 8261632K, committed 86016K, used 16780K [0x0000000607c00000, 0x0000000800000000)
  region size 4096K, 4 young (16384K), 4 survivors (16384K)
 Metaspace       used 22346K, committed 22656K, reserved 1114112K
  class space    used 2429K, committed 2560K, reserved 1048576K
}
Event: 1.919 GC heap before
{Heap before GC invocations=4 (full 0):
 garbage-first heap   total reserved 8261632K, committed 86016K, used 49548K [0x0000000607c00000, 0x0000000800000000)
  region size 4096K, 12 young (49152K), 4 survivors (16384K)
 Metaspace       used 25351K, committed 25664K, reserved 1114112K
  class space    used 2773K, committed 2880K, reserved 1048576K
}
Event: 1.930 GC heap after
{Heap after GC invocations=5 (full 0):
 garbage-first heap   total reserved 8261632K, committed 86016K, used 17464K [0x0000000607c00000, 0x0000000800000000)
  region size 4096K, 2 young (8192K), 2 survivors (8192K)
 Metaspace       used 25351K, committed 25664K, reserved 1114112K
  class space    used 2773K, committed 2880K, reserved 1048576K
}
Event: 2.132 GC heap before
{Heap before GC invocations=5 (full 0):
 garbage-first heap   total reserved 8261632K, committed 86016K, used 29752K [0x0000000607c00000, 0x0000000800000000)
  region size 4096K, 6 young (24576K), 2 survivors (8192K)
 Metaspace       used 27163K, committed 27456K, reserved 1114112K
  class space    used 3000K, committed 3136K, reserved 1048576K
}
Event: 2.138 GC heap after
{Heap after GC invocations=6 (full 0):
 garbage-first heap   total reserved 8261632K, committed 86016K, used 19011K [0x0000000607c00000, 0x0000000800000000)
  region size 4096K, 1 young (4096K), 1 survivors (4096K)
 Metaspace       used 27163K, committed 27456K, reserved 1114112K
  class space    used 3000K, committed 3136K, reserved 1048576K
}
Event: 2.793 GC heap before
{Heap before GC invocations=7 (full 0):
 garbage-first heap   total reserved 8261632K, committed 81920K, used 59971K [0x0000000607c00000, 0x0000000800000000)
  region size 4096K, 11 young (45056K), 1 survivors (4096K)
 Metaspace       used 34087K, committed 34560K, reserved 1114112K
  class space    used 3823K, committed 4032K, reserved 1048576K
}
Event: 2.800 GC heap after
{Heap after GC invocations=8 (full 0):
 garbage-first heap   total reserved 8261632K, committed 81920K, used 21306K [0x0000000607c00000, 0x0000000800000000)
  region size 4096K, 2 young (8192K), 2 survivors (8192K)
 Metaspace       used 34087K, committed 34560K, reserved 1114112K
  class space    used 3823K, committed 4032K, reserved 1048576K
}
Event: 3.647 GC heap before
{Heap before GC invocations=8 (full 0):
 garbage-first heap   total reserved 8261632K, committed 81920K, used 49978K [0x0000000607c00000, 0x0000000800000000)
  region size 4096K, 10 young (40960K), 2 survivors (8192K)
 Metaspace       used 45440K, committed 45888K, reserved 1114112K
  class space    used 5016K, committed 5248K, reserved 1048576K
}
Event: 3.656 GC heap after
{Heap after GC invocations=9 (full 0):
 garbage-first heap   total reserved 8261632K, committed 81920K, used 24268K [0x0000000607c00000, 0x0000000800000000)
  region size 4096K, 2 young (8192K), 2 survivors (8192K)
 Metaspace       used 45440K, committed 45888K, reserved 1114112K
  class space    used 5016K, committed 5248K, reserved 1048576K
}
Event: 3.688 GC heap before
{Heap before GC invocations=9 (full 0):
 garbage-first heap   total reserved 8261632K, committed 81920K, used 24268K [0x0000000607c00000, 0x0000000800000000)
  region size 4096K, 3 young (12288K), 2 survivors (8192K)
 Metaspace       used 45756K, committed 46208K, reserved 1114112K
  class space    used 5076K, committed 5312K, reserved 1048576K
}
Event: 3.697 GC heap after
{Heap after GC invocations=10 (full 0):
 garbage-first heap   total reserved 8261632K, committed 303104K, used 23992K [0x0000000607c00000, 0x0000000800000000)
  region size 4096K, 1 young (4096K), 1 survivors (4096K)
 Metaspace       used 45756K, committed 46208K, reserved 1114112K
  class space    used 5076K, committed 5312K, reserved 1048576K
}
Event: 4.909 GC heap before
{Heap before GC invocations=11 (full 0):
 garbage-first heap   total reserved 8261632K, committed 98304K, used 89528K [0x0000000607c00000, 0x0000000800000000)
  region size 4096K, 18 young (73728K), 1 survivors (4096K)
 Metaspace       used 61126K, committed 61632K, reserved 1114112K
  class space    used 6739K, committed 6976K, reserved 1048576K
}
Event: 4.917 GC heap after
{Heap after GC invocations=12 (full 0):
 garbage-first heap   total reserved 8261632K, committed 106496K, used 28407K [0x0000000607c00000, 0x0000000800000000)
  region size 4096K, 2 young (8192K), 2 survivors (8192K)
 Metaspace       used 61126K, committed 61632K, reserved 1114112K
  class space    used 6739K, committed 6976K, reserved 1048576K
}
Event: 5.864 GC heap before
{Heap before GC invocations=12 (full 0):
 garbage-first heap   total reserved 8261632K, committed 106496K, used 81655K [0x0000000607c00000, 0x0000000800000000)
  region size 4096K, 15 young (61440K), 2 survivors (8192K)
 Metaspace       used 67636K, committed 68288K, reserved 1114112K
  class space    used 7524K, committed 7808K, reserved 1048576K
}
Event: 5.876 GC heap after
{Heap after GC invocations=13 (full 0):
 garbage-first heap   total reserved 8261632K, committed 106496K, used 31720K [0x0000000607c00000, 0x0000000800000000)
  region size 4096K, 2 young (8192K), 2 survivors (8192K)
 Metaspace       used 67636K, committed 68288K, reserved 1114112K
  class space    used 7524K, committed 7808K, reserved 1048576K
}
Event: 1399.316 GC heap before
{Heap before GC invocations=13 (full 0):
 garbage-first heap   total reserved 8261632K, committed 106496K, used 80872K [0x0000000607c00000, 0x0000000800000000)
  region size 4096K, 15 young (61440K), 2 survivors (8192K)
 Metaspace       used 72858K, committed 73536K, reserved 1114112K
  class space    used 8136K, committed 8448K, reserved 1048576K
}
Event: 1399.331 GC heap after
{Heap after GC invocations=14 (full 0):
 garbage-first heap   total reserved 8261632K, committed 106496K, used 34281K [0x0000000607c00000, 0x0000000800000000)
  region size 4096K, 2 young (8192K), 2 survivors (8192K)
 Metaspace       used 72858K, committed 73536K, reserved 1114112K
  class space    used 8136K, committed 8448K, reserved 1048576K
}

